2026-06-21 11:06:40,013+0700 INFO  miktex - this is One MiKTeX Utility 1.12 (MiKTeX 26.5)
2026-06-21 11:06:40,013+0700 INFO  miktex - this process (2772) started by pdflatex in directory C:\src\Programming Project 2\Programing-Project-2 with command line: miktex --enable-installer --quiet fndb refresh
2026-06-21 11:06:40,015+0700 INFO  miktex - Creating FNDB for user root directory ("C:\src\Programming Project 2\Programing-Project-2\.miktex\config")...
2026-06-21 11:06:40,020+0700 INFO  miktex - Creating FNDB for user root directory ("C:\src\Programming Project 2\Programing-Project-2\.miktex\data")...
2026-06-21 11:06:40,025+0700 INFO  miktex - Creating FNDB for user root directory ("C:\src\Programming Project 2\Programing-Project-2\.miktex\install")...
2026-06-21 11:06:40,029+0700 INFO  miktex - Skipping common root directory (C:\ProgramData\MiKTeX)...
2026-06-21 11:06:40,029+0700 INFO  miktex - Skipping common root directory ("C:\Program Files\MiKTeX")...
2026-06-21 11:06:41,361+0700 WARN  miktex.packagemanager - dependency problem: ms is required by _miktex-latex-packages
2026-06-21 11:06:41,361+0700 WARN  miktex.packagemanager - dependency problem: showframe is required by _miktex-latex-packages
2026-06-21 11:06:41,361+0700 WARN  miktex.packagemanager - dependency problem: thailatex is required by _miktex-latex-packages
2026-06-21 11:06:41,363+0700 WARN  miktex.packagemanager - dependency problem: luxi is required by _miktex-fonts-type1
2026-06-21 11:06:41,404+0700 INFO  miktex - Refreshing FNDB for MPM...
2026-06-21 11:06:43,178+0700 INFO  miktex - this process (2772) finishes with exit code 0
2026-06-21 11:06:43,358+0700 INFO  miktex - this is One MiKTeX Utility 1.12 (MiKTeX 26.5)
2026-06-21 11:06:43,359+0700 INFO  miktex - this process (7320) started by pdflatex in directory C:\src\Programming Project 2\Programing-Project-2 with command line: miktex --enable-installer --quiet fontmaps configure
2026-06-21 11:06:43,359+0700 INFO  miktex - Parsing configuration file "C:\Program Files\MiKTeX\miktex/config\updmap.cfg"...
2026-06-21 11:06:43,464+0700 INFO  miktex - Writing "C:\src\Programming Project 2\Programing-Project-2\.miktex\data\fonts\map\dvipdfmx\kanjix.map"...
2026-06-21 11:06:43,468+0700 INFO  miktex - Writing "C:\src\Programming Project 2\Programing-Project-2\.miktex\data\fonts\map\dvips\builtin35.map"...
2026-06-21 11:06:43,473+0700 INFO  miktex - Writing "C:\src\Programming Project 2\Programing-Project-2\.miktex\data\fonts\map\dvips\download35.map"...
2026-06-21 11:06:43,479+0700 INFO  miktex - Writing "C:\src\Programming Project 2\Programing-Project-2\.miktex\data\fonts\map\dvips\ps2pk.map"...
2026-06-21 11:06:43,487+0700 INFO  miktex - Writing "C:\src\Programming Project 2\Programing-Project-2\.miktex\data\fonts\map\dvips\psfonts_pk.map"...
2026-06-21 11:06:43,495+0700 INFO  miktex - Writing "C:\src\Programming Project 2\Programing-Project-2\.miktex\data\fonts\map\dvips\psfonts_t1.map"...
2026-06-21 11:06:43,508+0700 INFO  miktex - Writing "C:\src\Programming Project 2\Programing-Project-2\.miktex\data\fonts\map\pdftex\pdftex_dl14.map"...
2026-06-21 11:06:43,526+0700 INFO  miktex - Writing "C:\src\Programming Project 2\Programing-Project-2\.miktex\data\fonts\map\pdftex\pdftex_ndl14.map"...
2026-06-21 11:06:43,544+0700 INFO  miktex - Copying "C:\src\Programming Project 2\Programing-Project-2\.miktex\data\fonts\map\dvips\psfonts_t1.map"
2026-06-21 11:06:43,545+0700 INFO  miktex -      to "C:\src\Programming Project 2\Programing-Project-2\.miktex\data\fonts\map\dvips\psfonts.map"...
2026-06-21 11:06:43,550+0700 INFO  miktex - Copying "C:\src\Programming Project 2\Programing-Project-2\.miktex\data\fonts\map\pdftex\pdftex_dl14.map"
2026-06-21 11:06:43,551+0700 INFO  miktex -      to "C:\src\Programming Project 2\Programing-Project-2\.miktex\data\fonts\map\pdftex\pdftex.map"...
2026-06-21 11:06:43,570+0700 INFO  miktex - running: miktex-fc-cache --miktex-disable-maintenance --miktex-disable-diagnose
2026-06-21 11:06:43,571+0700 INFO  miktex.core - start process: miktex-fc-cache --miktex-disable-maintenance --miktex-disable-diagnose
2026-06-21 11:06:43,859+0700 INFO  miktex - miktex-fc-cache: Windows API error 5: Access is denied.
2026-06-21 11:06:43,898+0700 INFO  miktex - miktex-fc-cache: Data: path="C:/Users/ankha/AppData/Local/Microsoft/Windows/Fonts"
2026-06-21 11:06:43,909+0700 WARN  miktex.core - still open: "C:\src\Programming Project 2\Programing-Project-2\.miktex\config\fontconfig\config\fonts.conf"
2026-06-21 11:06:43,910+0700 WARN  miktex.core - still open: "C:\Program Files\MiKTeX\fontconfig/config\fonts.conf.in"
2026-06-21 11:06:43,910+0700 FATAL miktex - The executed process did not succeed.
2026-06-21 11:06:43,910+0700 FATAL miktex - Info: fileName="C:\Program Files\MiKTeX\miktex\bin\x64\miktex-fc-cache.exe", exitCode="1"
2026-06-21 11:06:43,910+0700 FATAL miktex - Source: 
2026-06-21 11:06:43,910+0700 FATAL miktex - Line: 0
2026-06-21 11:06:43,910+0700 INFO  miktex - this process (7320) finishes with exit code 1
2026-06-21 11:06:44,154+0700 INFO  miktex - this is One MiKTeX Utility 1.12 (MiKTeX 26.5)
2026-06-21 11:06:44,154+0700 INFO  miktex - this process (20272) started by pdflatex in directory C:\src\Programming Project 2\Programing-Project-2 with command line: miktex --enable-installer formats build pdflatex --engine pdftex
2026-06-21 11:06:44,155+0700 INFO  miktex - Building format 'pdflatex' with engine 'pdftex'...
2026-06-21 11:06:44,157+0700 INFO  miktex.core - start process: miktex-makefmt.exe --engine=pdftex --dest-name=pdflatex --no-dump pdflatex.ini --engine-option=-tcx=cp227.tcx --enable-installer --miktex-disable-maintenance --miktex-disable-diagnose
2026-06-21 11:06:53,627+0700 INFO  miktex - this process (20272) finishes with exit code 0
2026-06-21 11:07:25,032+0700 INFO  miktex - this is One MiKTeX Utility 1.12 (MiKTeX 26.5)
2026-06-21 11:07:25,032+0700 INFO  miktex - this process (8448) started by miktex-mf in directory C:\Users\ankha\AppData\Local\Temp\mik10884 with command line: miktex --enable-installer formats build mf
2026-06-21 11:07:25,034+0700 INFO  miktex - Building format 'mf' with engine 'mf'...
2026-06-21 11:07:25,036+0700 INFO  miktex.core - start process: miktex-makebase.exe --dest-name=mf --no-dump mf.ini --engine-option=-tcx=cp227.tcx --enable-installer --miktex-disable-maintenance --miktex-disable-diagnose
2026-06-21 11:07:25,633+0700 INFO  miktex - this process (8448) finishes with exit code 0
